
--- [2026-03-19 12:14:32] Revisión de: API - python ---
RESUMEN:
El código es una única línea de Python que imprime el valor entero `1` en la salida estándar (consola). Es una operación fundamental y extremadamente simple, carente de lógica de negocio o complejidad funcional.

PROBLEMAS:
- **Funcionalidad Extremadamente Limitada**: El código no tiene ninguna utilidad práctica o funcional más allá de imprimir un valor estático. Carece de propósito, contexto o capacidad para resolver un problema.
- **Falta de Contexto/Propósito**: No hay indicación de por qué se imprime `1`. ¿Es un marcador de posición, un valor de prueba, un contador inicial? Sin contexto, es inútil.
- **No Reutilizable**: La línea de código es una declaración independiente que no puede ser reutilizada fácilmente como una función o parte de una lógica más compleja.
- **No Modular**: No está encapsulado en una función, lo que limitaría su integración en sistemas más grandes.

MEJORAS:
- **Definir el Propósito**: Si `1` representa algo (un contador, un ID, etc.), se debe asignar a una variable con un nombre significativo (ej. `initial_count = 1`).
- **Encapsular en una Función**: Si esta operación es parte de un flujo, debería estar dentro de una función para mejorar la modularidad y la reutilización (ej. `def initialize_and_print_count(): print(1)`).
- **Añadir Contexto al Output**: Utilizar f-strings o concatenación para que la salida sea más descriptiva (ej. `print(f"Starting value: {initial_count}")`).
- **Comentarios**: Aunque para una línea es excesivo, en un proyecto real, un comentario que explique el propósito de esta línea sería beneficioso si `1` tiene un significado específico.

TESTS:
- **Test de Salida Estándar**: Verificar que el código imprime `1\n` en la salida estándar.
    ```python
    import io
    import sys
    from unittest.mock import patch

    def test_prints_one():
        with patch('sys.stdout', new_callable=io.StringIO) as mock_stdout:
            # El código a probar
            print(1)
            assert mock_stdout.getvalue() == "1\n"
    ```
- **Prueba Manual**: Ejecutar el script y observar que `1` aparece en la consola.

RIESGOS:
- **Riesgo de Falsas Expectativas**: Si este código es un marcador de posición, podría generar la falsa expectativa de que el programa realiza alguna función real cuando en realidad no hace nada significativo.
- **No Escalable**: El código no tiene ninguna capacidad inherente para escalar o adaptarse a diferentes entradas o escenarios.
- **Mantenimiento**: Si se pretende que `1` sea un valor dinámico o parte de una lógica más compleja en el futuro, el mantenimiento requerirá una reescritura completa de esta línea.
- **Seguridad**: Para este código específico (`print(1)`), no existen riesgos de seguridad directos. No maneja entradas de usuario, datos sensibles, ni interacciones de red.

--- [2026-03-19 12:41:03] Revisión de: API - python ---
RESUMEN:
El código proporcionado implementa un bucle `for` simple que itera 10 veces (desde 0 hasta 9) e imprime el valor de la variable de iteración `i` en cada paso. Es funcional y cumple su propósito de imprimir los números del 0 al 9.

PROBLEMAS:
-   **Estilo/Legibilidad:** Aunque funcional, la colocación del cuerpo del bucle (`print(i)`) en la misma línea que la declaración `for` no es una práctica recomendada en Python (a menos que sea extremadamente trivial y deliberadamente conciso). Reduce la legibilidad y hace que el código sea más difícil de mantener o expandir en el futuro.
-   **Mantenimiento:** Si la lógica dentro del bucle necesitara expandirse con más operaciones o condiciones, esta estructura de una sola línea se volvería rápidamente inviable y requeriría una refactorización inmediata.

MEJORAS:
-   **Formato de Bloque Estándar:** La mejora más importante es separar el cuerpo del bucle en una nueva línea y aplicar la indentación estándar (generalmente 4 espacios). Esto mejora drásticamente la legibilidad y sigue las convenciones de estilo PEP 8.
    ```python
    for i in range(10):
        print(i)
    ```
-   **Encapsulación en una Función (Opcional):** Para un código más estructurado, especialmente si este bucle fuera parte de una lógica más grande, se podría encapsular en una función.
    ```python
    def print_numbers(count):
        for i in range(count):
            print(i)

    if __name__ == "__main__":
        print_numbers(10)
    ```
-   **Docstrings y Comentarios (Opcional):** Para una funcionalidad tan básica, no es estrictamente necesario, pero en funciones o secciones de código más complejas, añadir un docstring o comentarios aclaratorios siempre es una buena práctica.

TESTS:
-   **Prueba de Salida Estándar:** El test principal debería verificar que el código imprime la secuencia correcta de números.
    -   **Entrada:** No hay entradas directas al código más allá del `range(10)`.
    -   **Salida Esperada:** Los números del 0 al 9, cada uno en una nueva línea.
-   **Implementación de Test:**
    -   Utilizar un módulo como `unittest.mock` o `io.StringIO` para capturar la salida de `sys.stdout` y compararla con una cadena esperada que contenga "0\n1\n2\n3\n4\n5\n6\n7\n8\n9\n".

RIESGOS:
-   **Escalabilidad y Mantenibilidad Futura:** Si en algún momento se necesita añadir más lógica dentro del bucle (ej., una condición `if`, otra operación), la estructura actual de una sola línea se convertirá en un obstáculo inmediato para la legibilidad y la capacidad de mantenimiento.
-   **Depuración:** Depurar un bucle de una sola línea puede ser ligeramente más complicado que uno con un bloque explícitamente indentado, ya que los puntos de interrupción pueden ser menos precisos o la inspección de variables más difícil.
-   **Ocultamiento de Complejidad:** Aunque para este ejemplo es muy simple, en contextos donde el `print` podría ser reemplazado por una llamada a función compleja o una expresión larga, el formato de una sola línea podría ocultar la complejidad subyacente.

--- [2026-03-19 21:15:53] Revisión de: test.cpp ---
RESUMEN:
El código implementa un programa C++ básico que imprime la cadena "Hello" en la consola seguido de un salto de línea. Es un ejemplo clásico de "Hello World" y demuestra la estructura fundamental de un programa C++ con entrada/salida estándar.

PROBLEMAS:
- No se han identificado problemas funcionales, errores de compilación, de lógica o de seguridad en el código proporcionado. Es un programa simple y correcto para su propósito.

MEJORAS:
- **Uso de `std::endl`**: Aunque para este programa mínimo el impacto es despreciable, `std::endl` no solo inserta un salto de línea sino que también fuerza el vaciado (flush) del búfer de salida. Para la mayoría de las operaciones de impresión, es más eficiente usar `'\n'` en su lugar, ya que el búfer se vaciará automáticamente en momentos oportunos o cuando esté lleno. Esto puede mejorar ligeramente el rendimiento en aplicaciones con mucha salida de datos.
  *   *Recomendación:* `std::cout << "Hello\n";`

TESTS:
- **Compilación**: Verificar que el código se compile sin errores utilizando un compilador C++ estándar (ej. g++).
- **Ejecución y Verificación de Salida**: Ejecutar el programa y confirmar que la salida en la consola sea exactamente "Hello" seguido de un salto de línea.
- **Código de Retorno**: Verificar que el programa finalice con un código de retorno de `0`, indicando una ejecución exitosa.

RIESGOS:
- **Riesgo de Rendimiento (Mínimo)**: El único riesgo potencial, y muy marginal para este caso, es el impacto de rendimiento por el vaciado forzado del búfer con `std::endl`. En aplicaciones de alta concurrencia o con volúmenes masivos de salida, esto podría generar una sobrecarga innecesaria. Para este "Hello World", el riesgo es insignificante.
- **Riesgos de Seguridad/Fiabilidad**: Dada la simplicidad del programa, la ausencia de entradas externas, manejo de memoria complejo, o interacciones con el sistema de archivos/red, los riesgos de seguridad o fiabilidad son prácticamente inexistentes.

--- [2026-03-19 21:18:49] Revisión de: test.cpp ---
RESUMEN:
El código es un programa C++ muy básico que imprime la cadena "Hello" en la consola, seguida de un salto de línea. Utiliza la librería `iostream` para la salida estándar y `std::endl` para agregar un salto de línea y forzar el vaciado del buffer de salida. La función `main` devuelve `0`, indicando una ejecución exitosa. Es un ejemplo canónico de un programa "Hola Mundo" en C++.

PROBLEMAS:
- No se han encontrado problemas funcionales o de corrección en este código simple. Es correcto y cumple su propósito.

MEJORAS:
- **Rendimiento de salida:** Para un rendimiento marginalmente mejor en aplicaciones más grandes, se podría considerar usar `'\n'` en lugar de `std::endl`. `std::endl` inserta un salto de línea Y vacía el buffer de salida, lo cual no siempre es necesario y puede ser menos eficiente. Para este programa tan pequeño, la diferencia es insignificante.
  Ejemplo: `std::cout << "Hello\n";`
- **Consistencia de estilo:** Aunque no es un problema, se podría añadir una línea en blanco antes del `return 0;` para mejorar la legibilidad, una convención común en muchos estilos de codificación.

TESTS:
- **Prueba manual de ejecución:**
    - **Descripción:** Compilar y ejecutar el programa.
    - **Pasos:**
        1. Compilar el código fuente C++ utilizando un compilador como g++: `g++ -o hello_world hello_world.cpp`
        2. Ejecutar el ejecutable: `./hello_world` (en sistemas Unix-like) o `hello_world.exe` (en Windows)
    - **Resultado esperado:** La consola debe mostrar la cadena "Hello" seguida de un salto de línea.
    - **Verificación:** Observar la salida en la consola y confirmar que coincide con "Hello\n".
- **No se requieren pruebas unitarias o de integración adicionales** dada la simplicidad del programa, que consiste en una única operación de salida directa.

RIESGOS:
- **Seguridad:** Ninguno. El programa no toma entradas de usuario, no accede a recursos externos ni realiza operaciones que puedan ser vulnerables.
- **Rendimiento:** Extremadamente bajo. La única operación es una impresión a la consola, que es trivial en términos de recursos. El uso de `std::endl` para vaciar el buffer tiene un impacto de rendimiento insignificante aquí.
- **Escalabilidad:** No aplicable. El programa realiza una única tarea fija.
- **Mantenibilidad:** Muy alta. El código es extremadamente simple, conciso y fácil de entender.
- **Compatibilidad:** Muy alta. El código cumple con los estándares de C++ y funcionará en prácticamente cualquier entorno C++ moderno.
- **Bugs:** El riesgo de bugs es prácticamente nulo debido a la simplicidad y la naturaleza directa de las operaciones realizadas.

--- [2026-03-20 08:03:18] Revisión de: test1.cpp ---
RESUMEN:
El código intenta crear y retornar un array de enteros inicializado con valores calculados. Sin embargo, contiene un error crítico en la gestión de memoria al intentar devolver un puntero a un array que fue asignado en la pila de llamadas (stack) de la función `crearVector`. Esta memoria se invalida automáticamente cuando la función retorna, lo que lleva a un comportamiento indefinido al intentar acceder a los datos en `main`.

PROBLEMAS:
*   **Devolución de puntero a memoria local (línea 9):** La variable `vector` se declara como un array en el stack de la función `crearVector`. Cuando la función finaliza, esta memoria es automáticamente desasignada. Retornar su dirección (`return vector;`) significa que el puntero `v` en `main` apunta a una región de memoria inválida o ya liberada (un "dangling pointer").
*   **Tamaño fijo y arbitrario en stack (línea 4):** El array `vector` se declara con un tamaño fijo de `100`, independientemente del parámetro `tamaño`. Si `tamaño` excede `100`, se produciría un desbordamiento de búfer (buffer overflow). Si `tamaño` es mucho menor, se asigna memoria innecesaria en el stack.
*   **Comportamiento indefinido (línea 17):** Al intentar desreferenciar y acceder a los elementos a través del puntero `v` en `main` (por ejemplo, `v[i]`), el programa intenta leer de una dirección de memoria inválida. Esto resulta en un comportamiento indefinido, que puede manifestarse como datos incorrectos, fallos del programa (segmentation fault) o resultados aparentemente correctos pero no fiables.

MEJORAS:
*   **Usar memoria dinámica (Heap) con `new`/`delete`:** La forma más directa de corregir el error de puntero es asignar el array en el heap usando `new[]`. Es crucial recordar liberar esta memoria con `delete[]` en `main` o en el ámbito donde el puntero deje de ser necesario para evitar fugas de memoria.
    ```cpp
    #include <iostream>

    int* crearVector(int tamaño) {
        int* vector = new int[tamaño]; // Asignación dinámica en el heap
        for (int i = 0; i < tamaño; i++) {
            vector[i] = i * 2;
        }
        return vector;
    }

    int main() {
        int* v = crearVector(5);

        for (int i = 0; i < 5; i++) {
            std::cout << v[i] << std::endl;
        }

        delete[] v; // ¡MUY IMPORTANTE! Liberar la memoria asignada
        v = nullptr; // Buena práctica para evitar usar punteros colgantes (en este caso el puntero v ya ha sido liberado, asignarlo a nullptr es una buena práctica para evitar errores de doble liberación)

        return 0;
    }
    ```
*   **Utilizar `std::vector` (solución recomendada y moderna):** La mejor práctica en C++ es usar contenedores de la Standard Library como `std::vector`, que manejan automáticamente la asignación y liberación de memoria (RAII). Esto elimina la necesidad de gestionar `new` y `delete` manualmente, reduciendo drásticamente la probabilidad de errores de memoria.
    ```cpp
    #include <iostream>
    #include <vector> // Incluir cabecera para std::vector

    std::vector<int> crearVector(int tamaño) {
        std::vector<int> vec(tamaño); // std::vector gestiona la memoria automáticamente
        for (int i = 0; i < tamaño; i++) {
            vec[i] = i * 2;
        }
        return vec; // Se retorna por valor (o por movimiento), el compilador optimiza
    }

    int main() {
        std::vector<int> v = crearVector(5);

        for (int valor : v) { // Uso de range-based for loop, más moderno y seguro
            std::cout << valor << std::endl;
        }

        // No es necesario llamar a delete[] para std::vector
        return 0;
    }
    ```
*   **Validación de entrada:** Considerar añadir una verificación para asegurar que `tamaño` es un valor no negativo antes de intentar asignar memoria.

TESTS:
*   **Caso base:** Llamar a `crearVector(5)` y verificar que la salida sea `0, 2, 4, 6, 8`.
*   **Tamaño cero:** Llamar a `crearVector(0)` y asegurar que no hay errores y que, si se usa `std::vector`, el vector resultante esté vacío. Si se usa `new`/`delete`, verificar que `nullptr` es retornado o que se maneja un array de tamaño cero correctamente.
*   **Tamaño grande:** Llamar a `crearVector(100000)` para verificar que la asignación de memoria dinámica funciona correctamente y el programa no falla ni se desborda.
*   **Prueba de fuga de memoria (si se usa `new`/`delete`):** Utilizar herramientas como Valgrind o AddressSanitizer para confirmar que toda la memoria asignada con `new[]` es debidamente liberada con `delete[]` y no existen fugas.

RIESGOS:
*   **Crashes del programa:** El acceso a memoria inválida es una de las principales causas de fallos de segmentación (segmentation faults), lo que resulta en la terminación abrupta del programa.
*   **Comportamiento impredecible:** El programa puede mostrar resultados inconsistentes o incorrectos, fallar de manera intermitente o parecer funcionar correctamente en algunos entornos mientras falla en otros, lo que hace la depuración extremadamente difícil.
*   **Corrupción de datos:** La memoria a la que apunta el puntero `v` podría ser reutilizada por el sistema operativo o por otras partes del programa, llevando a la lectura o escritura de datos incorrectos en otras estructuras de datos, comprometiendo la integridad del programa.
*   **Vulnerabilidades de seguridad:** La corrupción de memoria es una clase común de vulnerabilidades que pueden ser explotadas por atacantes para ejecutar código arbitrario o elevar privilegios en un sistema.
*   **Fugas de memoria (potencial, si se aplica una corrección incompleta):** Si la solución propuesta utiliza `new int[]` pero se olvida de la contraparte `delete[]`, el programa empezará a sufrir de fugas de memoria, consumiendo recursos progresivamente y potencialmente agotándolos.

--- [2026-03-20 08:09:06] Revisión de: testpy.py ---
RESUMEN:
El código implementa una función `buscar_elemento` que intenta encontrar la posición de un objetivo dentro de una lista. La lógica actual itera a través de toda la lista, y si encuentra el objetivo, almacena su posición. Sin embargo, tiene un defecto crítico: si el elemento no se encuentra en la lista, la variable `posicion` nunca se inicializa, lo que lleva a un error en tiempo de ejecución (`UnboundLocalError`). Además, si el elemento aparece varias veces, solo guarda la posición de la última ocurrencia.

PROBLEMAS:
-   **Error de `UnboundLocalError`:** Si `objetivo` no se encuentra en `lista`, la variable `posicion` nunca se asigna, causando un `UnboundLocalError` al intentar retornarla. Este es el problema principal y más crítico.
-   **Almacena solo la última ocurrencia:** Si el `objetivo` aparece varias veces en la `lista`, la función siempre devolverá el índice de la *última* ocurrencia encontrada, no la primera (que suele ser el comportamiento esperado para una función de búsqueda).
-   **Iteración innecesaria:** Una vez que se encuentra el objetivo, el bucle `while` continúa iterando hasta el final de la lista, lo cual es ineficiente.

MEJORAS:
-   **Manejo de elementos no encontrados:** Inicializar `posicion` a un valor por defecto (como `-1` o `None`) que indique que el elemento no fue encontrado.
-   **Retorno temprano para la primera ocurrencia:** Salir de la función tan pronto como se encuentra el elemento para mejorar la eficiencia y asegurar que se devuelve la primera ocurrencia.
-   **Uso de métodos integrados:** Python ofrece métodos más robustos y eficientes para estas tareas, como `list.index()` o un bucle `for` con `enumerate`.

**Versión mejorada (manteniendo la estructura del bucle original):**

```python
def buscar_elemento_mejorado(lista, objetivo):
    posicion = -1  # Inicializar a un valor que indica "no encontrado"
    i = 0
    
    while i < len(lista): # Usar < en lugar de != para mayor robustez
        if lista[i] == objetivo:
            posicion = i
            break  # Salir del bucle una vez que se encuentra el primer elemento
        i += 1

    return posicion

# O una versión más idiomática de Python:
def buscar_elemento_idiomatico(lista, objetivo):
    try:
        return lista.index(objetivo)
    except ValueError:
        return -1 # Retorna -1 si el elemento no se encuentra

# Ejemplos de uso
datos = [3, 5, 7, 9]
resultado1 = buscar_elemento_mejorado(datos, 4)
print("Posición (mejorado):", resultado1) # Salida: -1

resultado2 = buscar_elemento_mejorado(datos, 7)
print("Posición (mejorado):", resultado2) # Salida: 2

resultado3 = buscar_elemento_idiomatico(datos, 4)
print("Posición (idiomático):", resultado3) # Salida: -1

resultado4 = buscar_elemento_idiomatico(datos, 7)
print("Posición (idiomático):", resultado4) # Salida: 2
```

TESTS:
-   **Elemento presente (primera ocurrencia):** `buscar_elemento([1, 2, 3], 1)` -> Debería devolver `0`.
-   **Elemento presente (mitad de la lista):** `buscar_elemento([1, 2, 3], 2)` -> Debería devolver `1`.
-   **Elemento presente (última ocurrencia):** `buscar_elemento([1, 2, 3], 3)` -> Debería devolver `2`.
-   **Elemento no presente:** `buscar_elemento([1, 2, 3], 4)` -> Debería devolver un indicador de no encontrado (e.g., `-1` o `None`).
-   **Lista vacía:** `buscar_elemento([], 1)` -> Debería devolver un indicador de no encontrado.
-   **Elemento presente múltiples veces:** `buscar_elemento([1, 2, 1, 3], 1)` -> Con la corrección para la primera ocurrencia, debería devolver `0`.

RIESGOS:
-   **Errores de tiempo de ejecución (`UnboundLocalError`):** El riesgo más inmediato del código original es la interrupción del programa si el objetivo no se encuentra en la lista.
-   **Resultados incorrectos/inesperados:** Si el usuario espera la primera ocurrencia y la función devuelve la última, puede llevar a errores lógicos en partes del código que dependen de esta función.
-   **Rendimiento deficiente:** Para listas muy grandes, iterar completamente la lista cuando el elemento ya fue encontrado (especialmente si está al principio) añade una sobrecarga de rendimiento innecesaria.
-   **Falta de claridad y mantenibilidad:** La lógica para el caso "no encontrado" no es explícita, lo que dificulta la comprensión y el mantenimiento futuro del código.

--- [2026-03-20 12:45:17] Revisión de: testpy.py ---
RESUMEN:
El código implementa una función `buscar_elemento` que intenta encontrar la posición de un `objetivo` dentro de una `lista` utilizando un bucle `while`. Recorre la lista elemento por elemento, y si encuentra el objetivo, almacena su índice en la variable `posicion`. Al finalizar el bucle, retorna el valor de `posicion`.

PROBLEMAS:
- **Error de tiempo de ejecución (UnboundLocalError)**: La variable `posicion` solo se inicializa si el `objetivo` es encontrado al menos una vez dentro de la lista. Si el `objetivo` no está presente, `posicion` nunca se asigna, lo que provoca un `UnboundLocalError` al intentar retornarla.
- **Retorno incorrecto para elementos no encontrados**: Si el problema de inicialización se resolviera (por ejemplo, inicializando `posicion = -1`), el bucle continúa hasta el final de la lista incluso después de encontrar el elemento. Esto es ineficiente y, en el caso de múltiples ocurrencias, siempre devuelve la posición de la *última* ocurrencia, lo cual no es el comportamiento habitual de una búsqueda simple (que suele devolver la primera).
- **Eficiencia**: El bucle `while` siempre itera a través de toda la lista, incluso si el elemento se encuentra en las primeras posiciones. No hay una condición de salida temprana.

MEJORAS:
- **Manejo de elementos no encontrados**: Inicializar `posicion` con un valor que represente "no encontrado" (e.g., -1 o `None`) y asegurar que este valor se retorne si el elemento nunca se encuentra.
- **Salida temprana**: Una vez que el `objetivo` es encontrado, la función debería retornar su posición inmediatamente o usar `break` para salir del bucle.
- **Retornar la primera ocurrencia**: Para una función de búsqueda típica, el objetivo es encontrar la primera ocurrencia. Modificar la lógica para retornar el índice y salir en ese momento.
- **Simplificación y uso de funciones nativas**: Considerar usar métodos integrados de Python como `list.index()` (que lanza `ValueError` si el elemento no se encuentra) o un bucle `for` con `enumerate` para una solución más pythonica y legible.

TESTS:
- **Elemento encontrado**:
    - `buscar_elemento([1, 2, 3], 2)` -> Espera `1`
    - `buscar_elemento([1, 2, 3], 1)` -> Espera `0` (primera posición)
    - `buscar_elemento([1, 2, 3], 3)` -> Espera `2` (última posición)
- **Elemento no encontrado**:
    - `buscar_elemento([1, 2, 3], 4)` -> Espera un valor que indique "no encontrado" (e.g., `-1`, `None`, o lanza una excepción).
- **Lista vacía**:
    - `buscar_elemento([], 1)` -> Espera un valor que indique "no encontrado".
- **Elementos duplicados**:
    - `buscar_elemento([1, 2, 2, 3], 2)` -> Espera `1` (si la intención es la primera ocurrencia).

RIESGOS:
- **Crash de la aplicación**: El riesgo más inmediato es la `UnboundLocalError` que detendrá la ejecución del programa si el elemento buscado no está en la lista.
- **Resultados incorrectos silenciosos**: Si el código se modifica para evitar el `UnboundLocalError` (por ejemplo, inicializando `posicion = -1`), pero no se maneja la salida temprana, el código podría retornar `-1` incluso si el elemento existe pero la lógica de asignación falla o es ignorada después de la primera ocurrencia, llevando a resultados lógicos incorrectos.
- **Rendimiento deficiente**: Para listas muy grandes, el hecho de que el bucle siempre recorra toda la lista, incluso si el elemento se encuentra al principio, puede impactar negativamente el rendimiento.

--- [2026-03-22 13:08:11] Revisión de: test.cpp ---
RESUMEN:
El código es un programa C++ mínimo que imprime la cadena "Hello" en la consola, seguida de un salto de línea, y luego finaliza con éxito. Utiliza la biblioteca estándar `iostream` para la salida a la consola (`std::cout`) y `std::endl` para el salto de línea y el vaciado del búfer. El programa `main` retorna 0, indicando una ejecución exitosa.

PROBLEMAS:
- El código no presenta problemas funcionales ni de sintaxis. Es una implementación correcta y estándar de un programa "Hello World".

MEJORAS:
- **Uso de `\n` en lugar de `std::endl`**: Para un rendimiento ligeramente mejor, especialmente en aplicaciones de alto volumen de salida, es preferible usar `'\n'` en lugar de `std::endl`. `std::endl` no solo inserta un salto de línea sino que también vacía el búfer de salida, lo cual no siempre es necesario y puede añadir una sobrecarga.
- **Comentarios descriptivos**: Aunque el código es trivial, en proyectos más grandes, añadir un comentario inicial que describa el propósito del programa o de secciones clave es una buena práctica para mejorar la legibilidad y el mantenimiento.
- **Consistencia en el uso de `std::`**: Es una buena práctica mantener el prefijo `std::` explícito para los elementos de la librería estándar, en lugar de usar `using namespace std;`, para evitar posibles conflictos de nombres en bases de código más grandes. El código actual ya sigue esta buena práctica, lo cual es positivo.

TESTS:
- **Compilación exitosa**: Verificar que el código se compila sin errores ni advertencias utilizando un compilador C++ estándar (ej. g++).
- **Ejecución y salida esperada**: Ejecutar el programa y confirmar que la salida en la consola es exactamente "Hello" seguido de un salto de línea.
- **Código de retorno**: Verificar que el programa finaliza con un código de retorno de 0, indicando una ejecución exitosa. Esto se puede hacer en sistemas tipo Unix con `echo $?` después de ejecutar el programa.

RIESGOS:
- **Dependencia de la biblioteca estándar**: El programa depende de la biblioteca `iostream`. Aunque es universalmente disponible con cualquier compilador C++, si el entorno de compilación o ejecución está inusualmente restringido o dañado, podría haber problemas.
- **Portabilidad mínima**: Aunque el código es altamente portable, en sistemas operativos o entornos muy específicos (ej. microcontroladores sin soporte completo de C++ STL), la inclusión de `iostream` podría requerir configuraciones especiales. Para un PC de escritorio, este riesgo es nulo.
- **Rendimiento marginal**: El uso de `std::endl` en lugar de `'\n'` introduce una sobrecarga mínima debido al vaciado del búfer. Para este programa de una sola línea, el impacto es despreciable, pero en bucles de salida intensiva, podría ser un factor.
